This is pdfTeX, Version 3.141592653-2.6-1.40.28 (TeX Live 2025) (preloaded format=pdflatex 2025.9.4)  6 SEP 2025 23:52
entering extended mode
 restricted \write18 enabled.
 %&-line parsing enabled.
**CH3_part1.tex
(./CH3_part1.tex
LaTeX2e <2025-06-01> patch level 1
L3 programming layer <2025-08-13>
(/Users/kfitzg24/Library/TinyTeX/texmf-dist/tex/latex/base/article.cls
Document Class: article 2025/01/22 v1.4n Standard LaTeX document class
(/Users/kfitzg24/Library/TinyTeX/texmf-dist/tex/latex/base/size10.clo
File: size10.clo 2025/01/22 v1.4n Standard LaTeX file (size option)
)
\c@part=\count275
\c@section=\count276
\c@subsection=\count277
\c@subsubsection=\count278
\c@paragraph=\count279
\c@subparagraph=\count280
\c@figure=\count281
\c@table=\count282
\abovecaptionskip=\skip49
\belowcaptionskip=\skip50
\bibindent=\dimen148
) (/Users/kfitzg24/Library/TinyTeX/texmf-dist/tex/latex/amsmath/amsmath.sty
Package: amsmath 2025/06/16 v2.17y AMS math features
\@mathmargin=\skip51
For additional information on amsmath, use the `?' option.
(/Users/kfitzg24/Library/TinyTeX/texmf-dist/tex/latex/amsmath/amstext.sty
Package: amstext 2024/11/17 v2.01 AMS text
(/Users/kfitzg24/Library/TinyTeX/texmf-dist/tex/latex/amsmath/amsgen.sty
File: amsgen.sty 1999/11/30 v2.0 generic functions
\@emptytoks=\toks17
\ex@=\dimen149
)) (/Users/kfitzg24/Library/TinyTeX/texmf-dist/tex/latex/amsmath/amsbsy.sty
Package: amsbsy 1999/11/29 v1.2d Bold Symbols
\pmbraise@=\dimen150
) (/Users/kfitzg24/Library/TinyTeX/texmf-dist/tex/latex/amsmath/amsopn.sty
Package: amsopn 2022/04/08 v2.04 operator names
)
\inf@bad=\count283
LaTeX Info: Redefining \frac on input line 233.
\uproot@=\count284
\leftroot@=\count285
LaTeX Info: Redefining \overline on input line 398.
LaTeX Info: Redefining \colon on input line 409.
\classnum@=\count286
\DOTSCASE@=\count287
LaTeX Info: Redefining \ldots on input line 495.
LaTeX Info: Redefining \dots on input line 498.
LaTeX Info: Redefining \cdots on input line 619.
\Mathstrutbox@=\box53
\strutbox@=\box54
LaTeX Info: Redefining \big on input line 721.
LaTeX Info: Redefining \Big on input line 722.
LaTeX Info: Redefining \bigg on input line 723.
LaTeX Info: Redefining \Bigg on input line 724.
\big@size=\dimen151
LaTeX Font Info:    Redeclaring font encoding OML on input line 742.
LaTeX Font Info:    Redeclaring font encoding OMS on input line 743.
\macc@depth=\count288
LaTeX Info: Redefining \bmod on input line 904.
LaTeX Info: Redefining \pmod on input line 909.
LaTeX Info: Redefining \smash on input line 939.
LaTeX Info: Redefining \relbar on input line 969.
LaTeX Info: Redefining \Relbar on input line 970.
\c@MaxMatrixCols=\count289
\dotsspace@=\muskip17
\c@parentequation=\count290
\dspbrk@lvl=\count291
\tag@help=\toks18
\row@=\count292
\column@=\count293
\maxfields@=\count294
\andhelp@=\toks19
\eqnshift@=\dimen152
\alignsep@=\dimen153
\tagshift@=\dimen154
\tagwidth@=\dimen155
\totwidth@=\dimen156
\lineht@=\dimen157
\@envbody=\toks20
\multlinegap=\skip52
\multlinetaggap=\skip53
\mathdisplay@stack=\toks21
LaTeX Info: Redefining \[ on input line 2949.
LaTeX Info: Redefining \] on input line 2950.
) (/Users/kfitzg24/Library/TinyTeX/texmf-dist/tex/latex/amsfonts/amssymb.sty
Package: amssymb 2013/01/14 v3.01 AMS font symbols
(/Users/kfitzg24/Library/TinyTeX/texmf-dist/tex/latex/amsfonts/amsfonts.sty
Package: amsfonts 2013/01/14 v3.01 Basic AMSFonts support
\symAMSa=\mathgroup4
\symAMSb=\mathgroup5
LaTeX Font Info:    Redeclaring math symbol \hbar on input line 98.
LaTeX Font Info:    Overwriting math alphabet `\mathfrak' in version `bold'
(Font)                  U/euf/m/n --> U/euf/b/n on input line 106.
)) (/Users/kfitzg24/Library/TinyTeX/texmf-dist/tex/generic/iftex/iftex.sty
Package: iftex 2024/12/12 v1.0g TeX engine tests
) (/Users/kfitzg24/Library/TinyTeX/texmf-dist/tex/latex/base/fontenc.sty
Package: fontenc 2024/12/21 v2.1c Standard LaTeX package
) (/Users/kfitzg24/Library/TinyTeX/texmf-dist/tex/latex/base/inputenc.sty
Package: inputenc 2024/02/08 v1.3d Input encoding file
\inpenc@prehook=\toks22
\inpenc@posthook=\toks23
) (/Users/kfitzg24/Library/TinyTeX/texmf-dist/tex/latex/base/textcomp.sty
Package: textcomp 2024/04/24 v2.1b Standard LaTeX package
) (/Users/kfitzg24/Library/TinyTeX/texmf-dist/tex/latex/lm/lmodern.sty
Package: lmodern 2015/05/01 v1.6.1 Latin Modern Fonts
LaTeX Font Info:    Overwriting symbol font `operators' in version `normal'
(Font)                  OT1/cmr/m/n --> OT1/lmr/m/n on input line 22.
LaTeX Font Info:    Overwriting symbol font `letters' in version `normal'
(Font)                  OML/cmm/m/it --> OML/lmm/m/it on input line 23.
LaTeX Font Info:    Overwriting symbol font `symbols' in version `normal'
(Font)                  OMS/cmsy/m/n --> OMS/lmsy/m/n on input line 24.
LaTeX Font Info:    Overwriting symbol font `largesymbols' in version `normal'
(Font)                  OMX/cmex/m/n --> OMX/lmex/m/n on input line 25.
LaTeX Font Info:    Overwriting symbol font `operators' in version `bold'
(Font)                  OT1/cmr/bx/n --> OT1/lmr/bx/n on input line 26.
LaTeX Font Info:    Overwriting symbol font `letters' in version `bold'
(Font)                  OML/cmm/b/it --> OML/lmm/b/it on input line 27.
LaTeX Font Info:    Overwriting symbol font `symbols' in version `bold'
(Font)                  OMS/cmsy/b/n --> OMS/lmsy/b/n on input line 28.
LaTeX Font Info:    Overwriting symbol font `largesymbols' in version `bold'
(Font)                  OMX/cmex/m/n --> OMX/lmex/m/n on input line 29.
LaTeX Font Info:    Overwriting math alphabet `\mathbf' in version `normal'
(Font)                  OT1/cmr/bx/n --> OT1/lmr/bx/n on input line 31.
LaTeX Font Info:    Overwriting math alphabet `\mathsf' in version `normal'
(Font)                  OT1/cmss/m/n --> OT1/lmss/m/n on input line 32.
LaTeX Font Info:    Overwriting math alphabet `\mathit' in version `normal'
(Font)                  OT1/cmr/m/it --> OT1/lmr/m/it on input line 33.
LaTeX Font Info:    Overwriting math alphabet `\mathtt' in version `normal'
(Font)                  OT1/cmtt/m/n --> OT1/lmtt/m/n on input line 34.
LaTeX Font Info:    Overwriting math alphabet `\mathbf' in version `bold'
(Font)                  OT1/cmr/bx/n --> OT1/lmr/bx/n on input line 35.
LaTeX Font Info:    Overwriting math alphabet `\mathsf' in version `bold'
(Font)                  OT1/cmss/bx/n --> OT1/lmss/bx/n on input line 36.
LaTeX Font Info:    Overwriting math alphabet `\mathit' in version `bold'
(Font)                  OT1/cmr/bx/it --> OT1/lmr/bx/it on input line 37.
LaTeX Font Info:    Overwriting math alphabet `\mathtt' in version `bold'
(Font)                  OT1/cmtt/m/n --> OT1/lmtt/m/n on input line 38.
) (/Users/kfitzg24/Library/TinyTeX/texmf-dist/tex/latex/xcolor/xcolor.sty
Package: xcolor 2024/09/29 v3.02 LaTeX color extensions (UK)
(/Users/kfitzg24/Library/TinyTeX/texmf-dist/tex/latex/graphics-cfg/color.cfg
File: color.cfg 2016/01/02 v1.6 sample color configuration
)
Package xcolor Info: Driver file: pdftex.def on input line 274.
(/Users/kfitzg24/Library/TinyTeX/texmf-dist/tex/latex/graphics-def/pdftex.def
File: pdftex.def 2024/04/13 v1.2c Graphics/color driver for pdftex
) (/Users/kfitzg24/Library/TinyTeX/texmf-dist/tex/latex/graphics/mathcolor.ltx)
Package xcolor Info: Model `cmy' substituted by `cmy0' on input line 1349.
Package xcolor Info: Model `hsb' substituted by `rgb' on input line 1353.
Package xcolor Info: Model `RGB' extended on input line 1365.
Package xcolor Info: Model `HTML' substituted by `rgb' on input line 1367.
Package xcolor Info: Model `Hsb' substituted by `hsb' on input line 1368.
Package xcolor Info: Model `tHsb' substituted by `hsb' on input line 1369.
Package xcolor Info: Model `HSB' substituted by `hsb' on input line 1370.
Package xcolor Info: Model `Gray' substituted by `gray' on input line 1371.
Package xcolor Info: Model `wave' substituted by `hsb' on input line 1372.
) (/Users/kfitzg24/Library/TinyTeX/texmf-dist/tex/latex/geometry/geometry.sty
Package: geometry 2020/01/02 v5.9 Page Geometry
(/Users/kfitzg24/Library/TinyTeX/texmf-dist/tex/latex/graphics/keyval.sty
Package: keyval 2022/05/29 v1.15 key=value parser (DPC)
\KV@toks@=\toks24
) (/Users/kfitzg24/Library/TinyTeX/texmf-dist/tex/generic/iftex/ifvtex.sty
Package: ifvtex 2019/10/25 v1.7 ifvtex legacy package. Use iftex instead.
)
\Gm@cnth=\count295
\Gm@cntv=\count296
\c@Gm@tempcnt=\count297
\Gm@bindingoffset=\dimen158
\Gm@wd@mp=\dimen159
\Gm@odd@mp=\dimen160
\Gm@even@mp=\dimen161
\Gm@layoutwidth=\dimen162
\Gm@layoutheight=\dimen163
\Gm@layouthoffset=\dimen164
\Gm@layoutvoffset=\dimen165
\Gm@dimlist=\toks25
) (/Users/kfitzg24/Library/TinyTeX/texmf-dist/tex/latex/fancyvrb/fancyvrb.sty
Package: fancyvrb 2025/07/28 4.6 verbatim text (tvz,hv)
\FV@CodeLineNo=\count298
\FV@InFile=\read2
\FV@TabBox=\box55
\c@FancyVerbLine=\count299
\FV@StepNumber=\count300
\FV@OutFile=\write3
) (/Users/kfitzg24/Library/TinyTeX/texmf-dist/tex/latex/framed/framed.sty
Package: framed 2011/10/22 v 0.96: framed or shaded text with page breaks
\OuterFrameSep=\skip54
\fb@frw=\dimen166
\fb@frh=\dimen167
\FrameRule=\dimen168
\FrameSep=\dimen169
) (/Users/kfitzg24/Library/TinyTeX/texmf-dist/tex/latex/tools/longtable.sty
Package: longtable 2024-12-18 v4.23 Multi-page Table package (DPC)
\LTleft=\skip55
\LTright=\skip56
\LTpre=\skip57
\LTpost=\skip58
\LTchunksize=\count301
\LTcapwidth=\dimen170
\LT@head=\box56
\LT@firsthead=\box57
\LT@foot=\box58
\LT@lastfoot=\box59
\LT@gbox=\box60
\LT@cols=\count302
\LT@rows=\count303
\c@LT@tables=\count304
\c@LT@chunks=\count305
\LT@p@ftn=\toks26
) (/Users/kfitzg24/Library/TinyTeX/texmf-dist/tex/latex/booktabs/booktabs.sty
Package: booktabs 2020/01/12 v1.61803398 Publication quality tables
\heavyrulewidth=\dimen171
\lightrulewidth=\dimen172
\cmidrulewidth=\dimen173
\belowrulesep=\dimen174
\belowbottomsep=\dimen175
\aboverulesep=\dimen176
\abovetopsep=\dimen177
\cmidrulesep=\dimen178
\cmidrulekern=\dimen179
\defaultaddspace=\dimen180
\@cmidla=\count306
\@cmidlb=\count307
\@aboverulesep=\dimen181
\@belowrulesep=\dimen182
\@thisruleclass=\count308
\@lastruleclass=\count309
\@thisrulewidth=\dimen183
) (/Users/kfitzg24/Library/TinyTeX/texmf-dist/tex/latex/tools/array.sty
Package: array 2025/06/08 v2.6j Tabular extension package (FMi)
\col@sep=\dimen184
\ar@mcellbox=\box61
\extrarowheight=\dimen185
\NC@list=\toks27
\extratabsurround=\skip59
\backup@length=\skip60
\ar@cellbox=\box62
) (/Users/kfitzg24/Library/TinyTeX/texmf-dist/tex/latex/tools/calc.sty
Package: calc 2025/03/01 v4.3b Infix arithmetic (KKT,FJ)
\calc@Acount=\count310
\calc@Bcount=\count311
\calc@Adimen=\dimen186
\calc@Bdimen=\dimen187
\calc@Askip=\skip61
\calc@Bskip=\skip62
LaTeX Info: Redefining \setlength on input line 86.
LaTeX Info: Redefining \addtolength on input line 87.
\calc@Ccount=\count312
\calc@Cskip=\skip63
) (/Users/kfitzg24/Library/TinyTeX/texmf-dist/tex/latex/etoolbox/etoolbox.sty
Package: etoolbox 2025/02/11 v2.5l e-TeX tools for LaTeX (JAW)
\etb@tempcnta=\count313
) (/Users/kfitzg24/Library/TinyTeX/texmf-dist/tex/latex/mdwtools/footnote.sty
Package: footnote 1997/01/28 1.13 Save footnotes around boxes
\fn@notes=\box63
\fn@width=\dimen188
) (/Users/kfitzg24/Library/TinyTeX/texmf-dist/tex/latex/graphics/graphicx.sty
Package: graphicx 2024/12/31 v1.2e Enhanced LaTeX Graphics (DPC,SPQR)
(/Users/kfitzg24/Library/TinyTeX/texmf-dist/tex/latex/graphics/graphics.sty
Package: graphics 2024/08/06 v1.4g Standard LaTeX Graphics (DPC,SPQR)
(/Users/kfitzg24/Library/TinyTeX/texmf-dist/tex/latex/graphics/trig.sty
Package: trig 2023/12/02 v1.11 sin cos tan (DPC)
) (/Users/kfitzg24/Library/TinyTeX/texmf-dist/tex/latex/graphics-cfg/graphics.cfg
File: graphics.cfg 2016/06/04 v1.11 sample graphics configuration
)
Package graphics Info: Driver file: pdftex.def on input line 106.
)
\Gin@req@height=\dimen189
\Gin@req@width=\dimen190
)
\pandoc@box=\box64
(/Users/kfitzg24/Library/TinyTeX/texmf-dist/tex/latex/tcolorbox/tcolorbox.sty
Package: tcolorbox 2025/07/08 version 6.7.1 text color boxes
(/Users/kfitzg24/Library/TinyTeX/texmf-dist/tex/latex/pgf/frontendlayer/tikz.sty (/Users/kfitzg24/Library/TinyTeX/texmf-dist/tex/latex/pgf/basiclayer/pgf.sty (/Users/kfitzg24/Library/TinyTeX/texmf-dist/tex/latex/pgf/utilities/pgfrcs.sty (/Users/kfitzg24/Library/TinyTeX/texmf-dist/tex/generic/pgf/utilities/pgfutil-common.tex
\pgfutil@everybye=\toks28
\pgfutil@tempdima=\dimen191
\pgfutil@tempdimb=\dimen192
) (/Users/kfitzg24/Library/TinyTeX/texmf-dist/tex/generic/pgf/utilities/pgfutil-latex.def
\pgfutil@abb=\box65
) (/Users/kfitzg24/Library/TinyTeX/texmf-dist/tex/generic/pgf/utilities/pgfrcs.code.tex (/Users/kfitzg24/Library/TinyTeX/texmf-dist/tex/generic/pgf/pgf.revision.tex)
Package: pgfrcs 2025-08-29 v3.1.11a (3.1.11a)
))
Package: pgf 2025-08-29 v3.1.11a (3.1.11a)
(/Users/kfitzg24/Library/TinyTeX/texmf-dist/tex/latex/pgf/basiclayer/pgfcore.sty (/Users/kfitzg24/Library/TinyTeX/texmf-dist/tex/latex/pgf/systemlayer/pgfsys.sty (/Users/kfitzg24/Library/TinyTeX/texmf-dist/tex/generic/pgf/systemlayer/pgfsys.code.tex
Package: pgfsys 2025-08-29 v3.1.11a (3.1.11a)
(/Users/kfitzg24/Library/TinyTeX/texmf-dist/tex/generic/pgf/utilities/pgfkeys.code.tex
\pgfkeys@pathtoks=\toks29
\pgfkeys@temptoks=\toks30
(/Users/kfitzg24/Library/TinyTeX/texmf-dist/tex/generic/pgf/utilities/pgfkeyslibraryfiltered.code.tex
\pgfkeys@tmptoks=\toks31
))
\pgf@x=\dimen193
\pgf@y=\dimen194
\pgf@xa=\dimen195
\pgf@ya=\dimen196
\pgf@xb=\dimen197
\pgf@yb=\dimen198
\pgf@xc=\dimen199
\pgf@yc=\dimen256
\pgf@xd=\dimen257
\pgf@yd=\dimen258
\w@pgf@writea=\write4
\r@pgf@reada=\read3
\c@pgf@counta=\count314
\c@pgf@countb=\count315
\c@pgf@countc=\count316
\c@pgf@countd=\count317
\t@pgf@toka=\toks32
\t@pgf@tokb=\toks33
\t@pgf@tokc=\toks34
\pgf@sys@id@count=\count318
(/Users/kfitzg24/Library/TinyTeX/texmf-dist/tex/generic/pgf/systemlayer/pgf.cfg
File: pgf.cfg 2025-08-29 v3.1.11a (3.1.11a)
)
Driver file for pgf: pgfsys-pdftex.def
(/Users/kfitzg24/Library/TinyTeX/texmf-dist/tex/generic/pgf/systemlayer/pgfsys-pdftex.def
File: pgfsys-pdftex.def 2025-08-29 v3.1.11a (3.1.11a)
(/Users/kfitzg24/Library/TinyTeX/texmf-dist/tex/generic/pgf/systemlayer/pgfsys-common-pdf.def
File: pgfsys-common-pdf.def 2025-08-29 v3.1.11a (3.1.11a)
))) (/Users/kfitzg24/Library/TinyTeX/texmf-dist/tex/generic/pgf/systemlayer/pgfsyssoftpath.code.tex
File: pgfsyssoftpath.code.tex 2025-08-29 v3.1.11a (3.1.11a)
\pgfsyssoftpath@smallbuffer@items=\count319
\pgfsyssoftpath@bigbuffer@items=\count320
) (/Users/kfitzg24/Library/TinyTeX/texmf-dist/tex/generic/pgf/systemlayer/pgfsysprotocol.code.tex
File: pgfsysprotocol.code.tex 2025-08-29 v3.1.11a (3.1.11a)
)) (/Users/kfitzg24/Library/TinyTeX/texmf-dist/tex/generic/pgf/basiclayer/pgfcore.code.tex
Package: pgfcore 2025-08-29 v3.1.11a (3.1.11a)
(/Users/kfitzg24/Library/TinyTeX/texmf-dist/tex/generic/pgf/math/pgfmath.code.tex (/Users/kfitzg24/Library/TinyTeX/texmf-dist/tex/generic/pgf/math/pgfmathutil.code.tex) (/Users/kfitzg24/Library/TinyTeX/texmf-dist/tex/generic/pgf/math/pgfmathparser.code.tex
\pgfmath@dimen=\dimen259
\pgfmath@count=\count321
\pgfmath@box=\box66
\pgfmath@toks=\toks35
\pgfmath@stack@operand=\toks36
\pgfmath@stack@operation=\toks37
) (/Users/kfitzg24/Library/TinyTeX/texmf-dist/tex/generic/pgf/math/pgfmathfunctions.code.tex) (/Users/kfitzg24/Library/TinyTeX/texmf-dist/tex/generic/pgf/math/pgfmathfunctions.basic.code.tex) (/Users/kfitzg24/Library/TinyTeX/texmf-dist/tex/generic/pgf/math/pgfmathfunctions.trigonometric.code.tex) (/Users/kfitzg24/Library/TinyTeX/texmf-dist/tex/generic/pgf/math/pgfmathfunctions.random.code.tex) (/Users/kfitzg24/Library/TinyTeX/texmf-dist/tex/generic/pgf/math/pgfmathfunctions.comparison.code.tex) (/Users/kfitzg24/Library/TinyTeX/texmf-dist/tex/generic/pgf/math/pgfmathfunctions.base.code.tex) (/Users/kfitzg24/Library/TinyTeX/texmf-dist/tex/generic/pgf/math/pgfmathfunctions.round.code.tex) (/Users/kfitzg24/Library/TinyTeX/texmf-dist/tex/generic/pgf/math/pgfmathfunctions.misc.code.tex) (/Users/kfitzg24/Library/TinyTeX/texmf-dist/tex/generic/pgf/math/pgfmathfunctions.integerarithmetics.code.tex) (/Users/kfitzg24/Library/TinyTeX/texmf-dist/tex/generic/pgf/math/pgfmathcalc.code.tex) (/Users/kfitzg24/Library/TinyTeX/texmf-dist/tex/generic/pgf/math/pgfmathfloat.code.tex
\c@pgfmathroundto@lastzeros=\count322
)) (/Users/kfitzg24/Library/TinyTeX/texmf-dist/tex/generic/pgf/math/pgfint.code.tex) (/Users/kfitzg24/Library/TinyTeX/texmf-dist/tex/generic/pgf/basiclayer/pgfcorepoints.code.tex
File: pgfcorepoints.code.tex 2025-08-29 v3.1.11a (3.1.11a)
\pgf@picminx=\dimen260
\pgf@picmaxx=\dimen261
\pgf@picminy=\dimen262
\pgf@picmaxy=\dimen263
\pgf@pathminx=\dimen264
\pgf@pathmaxx=\dimen265
\pgf@pathminy=\dimen266
\pgf@pathmaxy=\dimen267
\pgf@xx=\dimen268
\pgf@xy=\dimen269
\pgf@yx=\dimen270
\pgf@yy=\dimen271
\pgf@zx=\dimen272
\pgf@zy=\dimen273
) (/Users/kfitzg24/Library/TinyTeX/texmf-dist/tex/generic/pgf/basiclayer/pgfcorepathconstruct.code.tex
File: pgfcorepathconstruct.code.tex 2025-08-29 v3.1.11a (3.1.11a)
\pgf@path@lastx=\dimen274
\pgf@path@lasty=\dimen275
) (/Users/kfitzg24/Library/TinyTeX/texmf-dist/tex/generic/pgf/basiclayer/pgfcorepathusage.code.tex
File: pgfcorepathusage.code.tex 2025-08-29 v3.1.11a (3.1.11a)
\pgf@shorten@end@additional=\dimen276
\pgf@shorten@start@additional=\dimen277
) (/Users/kfitzg24/Library/TinyTeX/texmf-dist/tex/generic/pgf/basiclayer/pgfcorescopes.code.tex
File: pgfcorescopes.code.tex 2025-08-29 v3.1.11a (3.1.11a)
\pgfpic=\box67
\pgf@hbox=\box68
\pgf@layerbox@main=\box69
\pgf@picture@serial@count=\count323
) (/Users/kfitzg24/Library/TinyTeX/texmf-dist/tex/generic/pgf/basiclayer/pgfcoregraphicstate.code.tex
File: pgfcoregraphicstate.code.tex 2025-08-29 v3.1.11a (3.1.11a)
\pgflinewidth=\dimen278
) (/Users/kfitzg24/Library/TinyTeX/texmf-dist/tex/generic/pgf/basiclayer/pgfcoretransformations.code.tex
File: pgfcoretransformations.code.tex 2025-08-29 v3.1.11a (3.1.11a)
\pgf@pt@x=\dimen279
\pgf@pt@y=\dimen280
\pgf@pt@temp=\dimen281
) (/Users/kfitzg24/Library/TinyTeX/texmf-dist/tex/generic/pgf/basiclayer/pgfcorequick.code.tex
File: pgfcorequick.code.tex 2025-08-29 v3.1.11a (3.1.11a)
) (/Users/kfitzg24/Library/TinyTeX/texmf-dist/tex/generic/pgf/basiclayer/pgfcoreobjects.code.tex
File: pgfcoreobjects.code.tex 2025-08-29 v3.1.11a (3.1.11a)
) (/Users/kfitzg24/Library/TinyTeX/texmf-dist/tex/generic/pgf/basiclayer/pgfcorepathprocessing.code.tex
File: pgfcorepathprocessing.code.tex 2025-08-29 v3.1.11a (3.1.11a)
) (/Users/kfitzg24/Library/TinyTeX/texmf-dist/tex/generic/pgf/basiclayer/pgfcorearrows.code.tex
File: pgfcorearrows.code.tex 2025-08-29 v3.1.11a (3.1.11a)
\pgfarrowsep=\dimen282
) (/Users/kfitzg24/Library/TinyTeX/texmf-dist/tex/generic/pgf/basiclayer/pgfcoreshade.code.tex
File: pgfcoreshade.code.tex 2025-08-29 v3.1.11a (3.1.11a)
\pgf@max=\dimen283
\pgf@sys@shading@range@num=\count324
\pgf@shadingcount=\count325
) (/Users/kfitzg24/Library/TinyTeX/texmf-dist/tex/generic/pgf/basiclayer/pgfcoreimage.code.tex
File: pgfcoreimage.code.tex 2025-08-29 v3.1.11a (3.1.11a)
) (/Users/kfitzg24/Library/TinyTeX/texmf-dist/tex/generic/pgf/basiclayer/pgfcoreexternal.code.tex
File: pgfcoreexternal.code.tex 2025-08-29 v3.1.11a (3.1.11a)
\pgfexternal@startupbox=\box70
) (/Users/kfitzg24/Library/TinyTeX/texmf-dist/tex/generic/pgf/basiclayer/pgfcorelayers.code.tex
File: pgfcorelayers.code.tex 2025-08-29 v3.1.11a (3.1.11a)
) (/Users/kfitzg24/Library/TinyTeX/texmf-dist/tex/generic/pgf/basiclayer/pgfcoretransparency.code.tex
File: pgfcoretransparency.code.tex 2025-08-29 v3.1.11a (3.1.11a)
) (/Users/kfitzg24/Library/TinyTeX/texmf-dist/tex/generic/pgf/basiclayer/pgfcorepatterns.code.tex
File: pgfcorepatterns.code.tex 2025-08-29 v3.1.11a (3.1.11a)
) (/Users/kfitzg24/Library/TinyTeX/texmf-dist/tex/generic/pgf/basiclayer/pgfcorerdf.code.tex
File: pgfcorerdf.code.tex 2025-08-29 v3.1.11a (3.1.11a)
))) (/Users/kfitzg24/Library/TinyTeX/texmf-dist/tex/generic/pgf/modules/pgfmoduleshapes.code.tex
File: pgfmoduleshapes.code.tex 2025-08-29 v3.1.11a (3.1.11a)
\pgfnodeparttextbox=\box71
) (/Users/kfitzg24/Library/TinyTeX/texmf-dist/tex/generic/pgf/modules/pgfmoduleplot.code.tex
File: pgfmoduleplot.code.tex 2025-08-29 v3.1.11a (3.1.11a)
) (/Users/kfitzg24/Library/TinyTeX/texmf-dist/tex/latex/pgf/compatibility/pgfcomp-version-0-65.sty
Package: pgfcomp-version-0-65 2025-08-29 v3.1.11a (3.1.11a)
\pgf@nodesepstart=\dimen284
\pgf@nodesepend=\dimen285
) (/Users/kfitzg24/Library/TinyTeX/texmf-dist/tex/latex/pgf/compatibility/pgfcomp-version-1-18.sty
Package: pgfcomp-version-1-18 2025-08-29 v3.1.11a (3.1.11a)
)) (/Users/kfitzg24/Library/TinyTeX/texmf-dist/tex/latex/pgf/utilities/pgffor.sty (/Users/kfitzg24/Library/TinyTeX/texmf-dist/tex/latex/pgf/utilities/pgfkeys.sty (/Users/kfitzg24/Library/TinyTeX/texmf-dist/tex/generic/pgf/utilities/pgfkeys.code.tex)) (/Users/kfitzg24/Library/TinyTeX/texmf-dist/tex/latex/pgf/math/pgfmath.sty (/Users/kfitzg24/Library/TinyTeX/texmf-dist/tex/generic/pgf/math/pgfmath.code.tex)) (/Users/kfitzg24/Library/TinyTeX/texmf-dist/tex/generic/pgf/utilities/pgffor.code.tex
Package: pgffor 2025-08-29 v3.1.11a (3.1.11a)
\pgffor@iter=\dimen286
\pgffor@skip=\dimen287
\pgffor@stack=\toks38
\pgffor@toks=\toks39
)) (/Users/kfitzg24/Library/TinyTeX/texmf-dist/tex/generic/pgf/frontendlayer/tikz/tikz.code.tex
Package: tikz 2025-08-29 v3.1.11a (3.1.11a)
(/Users/kfitzg24/Library/TinyTeX/texmf-dist/tex/generic/pgf/libraries/pgflibraryplothandlers.code.tex
File: pgflibraryplothandlers.code.tex 2025-08-29 v3.1.11a (3.1.11a)
\pgf@plot@mark@count=\count326
\pgfplotmarksize=\dimen288
)
\tikz@lastx=\dimen289
\tikz@lasty=\dimen290
\tikz@lastxsaved=\dimen291
\tikz@lastysaved=\dimen292
\tikz@lastmovetox=\dimen293
\tikz@lastmovetoy=\dimen294
\tikzleveldistance=\dimen295
\tikzsiblingdistance=\dimen296
\tikz@figbox=\box72
\tikz@figbox@bg=\box73
\tikz@tempbox=\box74
\tikz@tempbox@bg=\box75
\tikztreelevel=\count327
\tikznumberofchildren=\count328
\tikznumberofcurrentchild=\count329
\tikz@fig@count=\count330
(/Users/kfitzg24/Library/TinyTeX/texmf-dist/tex/generic/pgf/modules/pgfmodulematrix.code.tex
File: pgfmodulematrix.code.tex 2025-08-29 v3.1.11a (3.1.11a)
\pgfmatrixcurrentrow=\count331
\pgfmatrixcurrentcolumn=\count332
\pgf@matrix@numberofcolumns=\count333
)
\tikz@expandcount=\count334
(/Users/kfitzg24/Library/TinyTeX/texmf-dist/tex/generic/pgf/frontendlayer/tikz/libraries/tikzlibrarytopaths.code.tex
File: tikzlibrarytopaths.code.tex 2025-08-29 v3.1.11a (3.1.11a)
))) (/Users/kfitzg24/Library/TinyTeX/texmf-dist/tex/latex/tools/verbatim.sty
Package: verbatim 2024-01-22 v1.5x LaTeX2e package for verbatim enhancements
\every@verbatim=\toks40
\verbatim@line=\toks41
\verbatim@in@stream=\read4
) (/Users/kfitzg24/Library/TinyTeX/texmf-dist/tex/latex/environ/environ.sty
Package: environ 2014/05/04 v0.3 A new way to define environments
(/Users/kfitzg24/Library/TinyTeX/texmf-dist/tex/latex/trimspaces/trimspaces.sty
Package: trimspaces 2009/09/17 v1.1 Trim spaces around a token list
))
\tcb@titlebox=\box76
\tcb@upperbox=\box77
\tcb@lowerbox=\box78
\tcb@phantombox=\box79
\c@tcbbreakpart=\count335
\c@tcblayer=\count336
\c@tcolorbox@number=\count337
\l__tcobox_tmpa_box=\box80
\l__tcobox_tmpa_dim=\dimen297
\tcb@temp=\box81
\tcb@temp=\box82
\tcb@temp=\box83
\tcb@temp=\box84
) (/Users/kfitzg24/Library/TinyTeX/texmf-dist/tex/latex/bookmark/bookmark.sty
Package: bookmark 2023-12-10 v1.31 PDF bookmarks (HO)
(/Users/kfitzg24/Library/TinyTeX/texmf-dist/tex/latex/hyperref/hyperref.sty
Package: hyperref 2025-07-12 v7.01o Hypertext links for LaTeX
(/Users/kfitzg24/Library/TinyTeX/texmf-dist/tex/latex/kvsetkeys/kvsetkeys.sty
Package: kvsetkeys 2022-10-05 v1.19 Key value parser (HO)
) (/Users/kfitzg24/Library/TinyTeX/texmf-dist/tex/generic/kvdefinekeys/kvdefinekeys.sty
Package: kvdefinekeys 2019-12-19 v1.6 Define keys (HO)
) (/Users/kfitzg24/Library/TinyTeX/texmf-dist/tex/generic/pdfescape/pdfescape.sty
Package: pdfescape 2019/12/09 v1.15 Implements pdfTeX's escape features (HO)
(/Users/kfitzg24/Library/TinyTeX/texmf-dist/tex/generic/ltxcmds/ltxcmds.sty
Package: ltxcmds 2023-12-04 v1.26 LaTeX kernel commands for general use (HO)
) (/Users/kfitzg24/Library/TinyTeX/texmf-dist/tex/generic/pdftexcmds/pdftexcmds.sty
Package: pdftexcmds 2020-06-27 v0.33 Utility functions of pdfTeX for LuaTeX (HO)
(/Users/kfitzg24/Library/TinyTeX/texmf-dist/tex/generic/infwarerr/infwarerr.sty
Package: infwarerr 2019/12/03 v1.5 Providing info/warning/error messages (HO)
)
Package pdftexcmds Info: \pdf@primitive is available.
Package pdftexcmds Info: \pdf@ifprimitive is available.
Package pdftexcmds Info: \pdfdraftmode found.
)) (/Users/kfitzg24/Library/TinyTeX/texmf-dist/tex/latex/hycolor/hycolor.sty
Package: hycolor 2020-01-27 v1.10 Color options for hyperref/bookmark (HO)
) (/Users/kfitzg24/Library/TinyTeX/texmf-dist/tex/latex/hyperref/nameref.sty
Package: nameref 2025-06-21 v2.57 Cross-referencing by name of section
(/Users/kfitzg24/Library/TinyTeX/texmf-dist/tex/latex/refcount/refcount.sty
Package: refcount 2019/12/15 v3.6 Data extraction from label references (HO)
) (/Users/kfitzg24/Library/TinyTeX/texmf-dist/tex/generic/gettitlestring/gettitlestring.sty
Package: gettitlestring 2019/12/15 v1.6 Cleanup title references (HO)
(/Users/kfitzg24/Library/TinyTeX/texmf-dist/tex/latex/kvoptions/kvoptions.sty
Package: kvoptions 2022-06-15 v3.15 Key value format for package options (HO)
))
\c@section@level=\count338
) (/Users/kfitzg24/Library/TinyTeX/texmf-dist/tex/generic/stringenc/stringenc.sty
Package: stringenc 2019/11/29 v1.12 Convert strings between diff. encodings (HO)
)
\@linkdim=\dimen298
\Hy@linkcounter=\count339
\Hy@pagecounter=\count340
(/Users/kfitzg24/Library/TinyTeX/texmf-dist/tex/latex/hyperref/pd1enc.def
File: pd1enc.def 2025-07-12 v7.01o Hyperref: PDFDocEncoding definition (HO)
Now handling font encoding PD1 ...
... no UTF-8 mapping file for font encoding PD1
) (/Users/kfitzg24/Library/TinyTeX/texmf-dist/tex/generic/intcalc/intcalc.sty
Package: intcalc 2019/12/15 v1.3 Expandable calculations with integers (HO)
)
\Hy@SavedSpaceFactor=\count341
(/Users/kfitzg24/Library/TinyTeX/texmf-dist/tex/latex/hyperref/puenc.def
File: puenc.def 2025-07-12 v7.01o Hyperref: PDF Unicode definition (HO)
Now handling font encoding PU ...
... no UTF-8 mapping file for font encoding PU
)
Package hyperref Info: Option `unicode' set `true' on input line 4066.
Package hyperref Info: Hyper figures OFF on input line 4195.
Package hyperref Info: Link nesting OFF on input line 4200.
Package hyperref Info: Hyper index ON on input line 4203.
Package hyperref Info: Plain pages OFF on input line 4210.
Package hyperref Info: Backreferencing OFF on input line 4215.
Package hyperref Info: Implicit mode ON; LaTeX internals redefined.
Package hyperref Info: Bookmarks ON on input line 4462.
\c@Hy@tempcnt=\count342
(/Users/kfitzg24/Library/TinyTeX/texmf-dist/tex/latex/url/url.sty
\Urlmuskip=\muskip18
Package: url 2013/09/16  ver 3.4  Verb mode for urls, etc.
)
LaTeX Info: Redefining \url on input line 4801.
\XeTeXLinkMargin=\dimen299
(/Users/kfitzg24/Library/TinyTeX/texmf-dist/tex/generic/bitset/bitset.sty
Package: bitset 2019/12/09 v1.3 Handle bit-vector datatype (HO)
(/Users/kfitzg24/Library/TinyTeX/texmf-dist/tex/generic/bigintcalc/bigintcalc.sty
Package: bigintcalc 2019/12/15 v1.5 Expandable calculations on big integers (HO)
))
\Fld@menulength=\count343
\Field@Width=\dimen300
\Fld@charsize=\dimen301
Package hyperref Info: Hyper figures OFF on input line 6078.
Package hyperref Info: Link nesting OFF on input line 6083.
Package hyperref Info: Hyper index ON on input line 6086.
Package hyperref Info: backreferencing OFF on input line 6093.
Package hyperref Info: Link coloring OFF on input line 6098.
Package hyperref Info: Link coloring with OCG OFF on input line 6103.
Package hyperref Info: PDF/A mode OFF on input line 6108.
\Hy@abspage=\count344
\c@Item=\count345
\c@Hfootnote=\count346
)
Package hyperref Info: Driver (autodetected): hpdftex.
(/Users/kfitzg24/Library/TinyTeX/texmf-dist/tex/latex/hyperref/hpdftex.def
File: hpdftex.def 2025-07-12 v7.01o Hyperref driver for pdfTeX
\Fld@listcount=\count347
\c@bookmark@seq@number=\count348
(/Users/kfitzg24/Library/TinyTeX/texmf-dist/tex/latex/rerunfilecheck/rerunfilecheck.sty
Package: rerunfilecheck 2025-06-21 v1.11 Rerun checks for auxiliary files (HO)
(/Users/kfitzg24/Library/TinyTeX/texmf-dist/tex/generic/uniquecounter/uniquecounter.sty
Package: uniquecounter 2019/12/15 v1.4 Provide unlimited unique counter (HO)
)
Package uniquecounter Info: New unique counter `rerunfilecheck' on input line 284.
)
\Hy@SectionHShift=\skip64
) (/Users/kfitzg24/Library/TinyTeX/texmf-dist/tex/latex/bookmark/bkm-pdftex.def
File: bkm-pdftex.def 2023-12-10 v1.31 bookmark driver for pdfTeX and luaTeX (HO)
\BKM@id=\count349
))
LaTeX Font Info:    Trying to load font information for T1+lmr on input line 145.
(/Users/kfitzg24/Library/TinyTeX/texmf-dist/tex/latex/lm/t1lmr.fd
File: t1lmr.fd 2015/05/01 v1.6.1 Font defs for Latin Modern
) (/Users/kfitzg24/Library/TinyTeX/texmf-dist/tex/latex/l3backend/l3backend-pdftex.def
File: l3backend-pdftex.def 2025-06-09 L3 backend support: PDF output (pdfTeX)
\l__color_backend_stack_int=\count350
) (./CH3_part1.aux)
\openout1 = `CH3_part1.aux'.

LaTeX Font Info:    Checking defaults for OML/cmm/m/it on input line 145.
LaTeX Font Info:    ... okay on input line 145.
LaTeX Font Info:    Checking defaults for OMS/cmsy/m/n on input line 145.
LaTeX Font Info:    ... okay on input line 145.
LaTeX Font Info:    Checking defaults for OT1/cmr/m/n on input line 145.
LaTeX Font Info:    ... okay on input line 145.
LaTeX Font Info:    Checking defaults for T1/cmr/m/n on input line 145.
LaTeX Font Info:    ... okay on input line 145.
LaTeX Font Info:    Checking defaults for TS1/cmr/m/n on input line 145.
LaTeX Font Info:    ... okay on input line 145.
LaTeX Font Info:    Checking defaults for OMX/cmex/m/n on input line 145.
LaTeX Font Info:    ... okay on input line 145.
LaTeX Font Info:    Checking defaults for U/cmr/m/n on input line 145.
LaTeX Font Info:    ... okay on input line 145.
LaTeX Font Info:    Checking defaults for PD1/pdf/m/n on input line 145.
LaTeX Font Info:    ... okay on input line 145.
LaTeX Font Info:    Checking defaults for PU/pdf/m/n on input line 145.
LaTeX Font Info:    ... okay on input line 145.
(/Users/kfitzg24/Library/TinyTeX/texmf-dist/tex/latex/epstopdf-pkg/epstopdf-base.sty
Package: epstopdf-base 2020-01-24 v2.11 Base part for package epstopdf
Package epstopdf-base Info: Redefining graphics rule for `.eps' on input line 485.
(/Users/kfitzg24/Library/TinyTeX/texmf-dist/tex/latex/latexconfig/epstopdf-sys.cfg
File: epstopdf-sys.cfg 2010/07/13 v1.3 Configuration of (r)epstopdf for TeX Live
))
*geometry* driver: auto-detecting
*geometry* detected driver: pdftex
*geometry* verbose mode - [ preamble ] result:
* driver: pdftex
* paper: <default>
* layout: <same size as paper>
* layoutoffset:(h,v)=(0.0pt,0.0pt)
* modes: 
* h-part:(L,W,R)=(72.26999pt, 469.75502pt, 72.26999pt)
* v-part:(T,H,B)=(72.26999pt, 650.43001pt, 72.26999pt)
* \paperwidth=614.295pt
* \paperheight=794.96999pt
* \textwidth=469.75502pt
* \textheight=650.43001pt
* \oddsidemargin=0.0pt
* \evensidemargin=0.0pt
* \topmargin=-37.0pt
* \headheight=12.0pt
* \headsep=25.0pt
* \topskip=10.0pt
* \footskip=30.0pt
* \marginparwidth=65.0pt
* \marginparsep=11.0pt
* \columnsep=10.0pt
* \skip\footins=9.0pt plus 4.0pt minus 2.0pt
* \hoffset=0.0pt
* \voffset=0.0pt
* \mag=1000
* \@twocolumnfalse
* \@twosidefalse
* \@mparswitchfalse
* \@reversemarginfalse
* (1in=72.27pt=25.4mm, 1cm=28.453pt)

Package hyperref Info: Link coloring OFF on input line 145.
LaTeX Font Info:    Trying to load font information for OT1+lmr on input line 147.
(/Users/kfitzg24/Library/TinyTeX/texmf-dist/tex/latex/lm/ot1lmr.fd
File: ot1lmr.fd 2015/05/01 v1.6.1 Font defs for Latin Modern
)
LaTeX Font Info:    Trying to load font information for OML+lmm on input line 147.
(/Users/kfitzg24/Library/TinyTeX/texmf-dist/tex/latex/lm/omllmm.fd
File: omllmm.fd 2015/05/01 v1.6.1 Font defs for Latin Modern
)
LaTeX Font Info:    Trying to load font information for OMS+lmsy on input line 147.
(/Users/kfitzg24/Library/TinyTeX/texmf-dist/tex/latex/lm/omslmsy.fd
File: omslmsy.fd 2015/05/01 v1.6.1 Font defs for Latin Modern
)
LaTeX Font Info:    Trying to load font information for OMX+lmex on input line 147.
(/Users/kfitzg24/Library/TinyTeX/texmf-dist/tex/latex/lm/omxlmex.fd
File: omxlmex.fd 2015/05/01 v1.6.1 Font defs for Latin Modern
)
LaTeX Font Info:    External font `lmex10' loaded for size
(Font)              <12> on input line 147.
LaTeX Font Info:    External font `lmex10' loaded for size
(Font)              <8> on input line 147.
LaTeX Font Info:    External font `lmex10' loaded for size
(Font)              <6> on input line 147.
LaTeX Font Info:    Trying to load font information for U+msa on input line 147.
(/Users/kfitzg24/Library/TinyTeX/texmf-dist/tex/latex/amsfonts/umsa.fd
File: umsa.fd 2013/01/14 v3.01 AMS symbols A
)
LaTeX Font Info:    Trying to load font information for U+msb on input line 147.
(/Users/kfitzg24/Library/TinyTeX/texmf-dist/tex/latex/amsfonts/umsb.fd
File: umsb.fd 2013/01/14 v3.01 AMS symbols B
) (./CH3_part1.toc
LaTeX Font Info:    External font `lmex10' loaded for size
(Font)              <10> on input line 2.
LaTeX Font Info:    External font `lmex10' loaded for size
(Font)              <7> on input line 2.
LaTeX Font Info:    External font `lmex10' loaded for size
(Font)              <5> on input line 2.
)
\tf@toc=\write5
\openout5 = `CH3_part1.toc'.



[1

{/Users/kfitzg24/Library/TinyTeX/texmf-var/fonts/map/pdftex/updmap/pdftex.map}{/Users/kfitzg24/Library/TinyTeX/texmf-dist/fonts/enc/dvips/lm/lm-ec.enc}]
<./images/random_babies_S.png, id=44, 375.4025pt x 86.3225pt>
File: ./images/random_babies_S.png Graphic file (type png)
<use ./images/random_babies_S.png>
Package pdftex.def Info: ./images/random_babies_S.png  used on input line 167.
(pdftex.def)             Requested size: 422.77664pt x 97.22186pt.
LaTeX Font Info:    Trying to load font information for TS1+lmr on input line 233.
(/Users/kfitzg24/Library/TinyTeX/texmf-dist/tex/latex/lm/ts1lmr.fd
File: ts1lmr.fd 2015/05/01 v1.6.1 Font defs for Latin Modern
)
Underfull \hbox (badness 10000) in paragraph at lines 240--241

 []


Underfull \hbox (badness 10000) in paragraph at lines 246--248

 []


Underfull \hbox (badness 10000) in paragraph at lines 246--248

 []


Underfull \hbox (badness 10000) in paragraph at lines 251--253

 []


Underfull \hbox (badness 10000) in paragraph at lines 251--253

 []


Underfull \hbox (badness 10000) in paragraph at lines 256--258

 []


Underfull \hbox (badness 10000) in paragraph at lines 256--258

 []



[2{/Users/kfitzg24/Library/TinyTeX/texmf-dist/fonts/enc/dvips/lm/lm-mathit.enc}{/Users/kfitzg24/Library/TinyTeX/texmf-dist/fonts/enc/dvips/lm/lm-rm.enc}{/Users/kfitzg24/Library/TinyTeX/texmf-dist/fonts/enc/dvips/lm/lm-mathsy.enc} <./images/random_babies_S.png>]
Underfull \hbox (badness 10000) in paragraph at lines 263--265

 []


Underfull \hbox (badness 10000) in paragraph at lines 266--268

 []


Underfull \hbox (badness 10000) in paragraph at lines 269--271

 []

<CH3_part1_files/figure-latex/unnamed-chunk-3-1.pdf, id=56, 469.755pt x 325.215pt>
File: CH3_part1_files/figure-latex/unnamed-chunk-3-1.pdf Graphic file (type pdf)
<use CH3_part1_files/figure-latex/unnamed-chunk-3-1.pdf>
Package pdftex.def Info: CH3_part1_files/figure-latex/unnamed-chunk-3-1.pdf  used on input line 300.
(pdftex.def)             Requested size: 469.75386pt x 325.2142pt.


[3{/Users/kfitzg24/Library/TinyTeX/texmf-dist/fonts/enc/dvips/lm/lm-ts1.enc}]

[4 <./CH3_part1_files/figure-latex/unnamed-chunk-3-1.pdf>]
Underfull \hbox (badness 10000) in paragraph at lines 376--377

 []


Underfull \hbox (badness 10000) in paragraph at lines 378--390

 []


Underfull \hbox (badness 10000) in paragraph at lines 423--432

 []


Underfull \hbox (badness 10000) in paragraph at lines 423--432

 []


Underfull \hbox (badness 10000) in paragraph at lines 423--432

 []


Underfull \hbox (badness 10000) in paragraph at lines 423--432

 []


Underfull \hbox (badness 10000) in paragraph at lines 423--432

 []


Underfull \hbox (badness 10000) in paragraph at lines 423--432

 []


Underfull \hbox (badness 10000) in paragraph at lines 423--432

 []


Underfull \hbox (badness 10000) in paragraph at lines 423--432

 []


Underfull \hbox (badness 10000) in paragraph at lines 423--432

 []


Underfull \hbox (badness 10000) in paragraph at lines 452--463

 []


Underfull \hbox (badness 10000) in paragraph at lines 452--463

 []


Underfull \hbox (badness 10000) in paragraph at lines 452--463

 []


Underfull \hbox (badness 10000) in paragraph at lines 452--463

 []


Underfull \hbox (badness 10000) in paragraph at lines 452--463

 []


Underfull \hbox (badness 10000) in paragraph at lines 452--463

 []


Underfull \hbox (badness 10000) in paragraph at lines 452--463

 []


Underfull \hbox (badness 10000) in paragraph at lines 452--463

 []


Underfull \hbox (badness 10000) in paragraph at lines 452--463

 []


Underfull \hbox (badness 10000) in paragraph at lines 452--463

 []


Underfull \hbox (badness 10000) in paragraph at lines 452--463

 []



[5{/Users/kfitzg24/Library/TinyTeX/texmf-dist/fonts/enc/dvips/lm/lm-mathex.enc}]
Underfull \hbox (badness 10000) in paragraph at lines 477--487

 []


Underfull \hbox (badness 10000) in paragraph at lines 477--487

 []


Underfull \hbox (badness 10000) in paragraph at lines 477--487

 []


Underfull \hbox (badness 10000) in paragraph at lines 477--487

 []


Underfull \hbox (badness 10000) in paragraph at lines 477--487

 []


Underfull \hbox (badness 10000) in paragraph at lines 477--487

 []


Underfull \hbox (badness 10000) in paragraph at lines 477--487

 []


Underfull \hbox (badness 10000) in paragraph at lines 477--487

 []


Underfull \hbox (badness 10000) in paragraph at lines 477--487

 []


Underfull \hbox (badness 10000) in paragraph at lines 477--487

 []


Underfull \hbox (badness 10000) in paragraph at lines 496--507

 []


Underfull \hbox (badness 10000) in paragraph at lines 496--507

 []


Underfull \hbox (badness 10000) in paragraph at lines 496--507

 []


Underfull \hbox (badness 10000) in paragraph at lines 496--507

 []


Underfull \hbox (badness 10000) in paragraph at lines 496--507

 []


Underfull \hbox (badness 10000) in paragraph at lines 496--507

 []


Underfull \hbox (badness 10000) in paragraph at lines 496--507

 []


Underfull \hbox (badness 10000) in paragraph at lines 496--507

 []


Underfull \hbox (badness 10000) in paragraph at lines 496--507

 []


Underfull \hbox (badness 10000) in paragraph at lines 496--507

 []


Underfull \hbox (badness 10000) in paragraph at lines 496--507

 []


Underfull \hbox (badness 10000) in paragraph at lines 508--510

 []



[6]

[7]
Underfull \hbox (badness 10000) in paragraph at lines 601--613

 []


Underfull \hbox (badness 10000) in paragraph at lines 601--613

 []


Underfull \hbox (badness 10000) in paragraph at lines 601--613

 []


Underfull \hbox (badness 10000) in paragraph at lines 601--613

 []


Underfull \hbox (badness 10000) in paragraph at lines 601--613

 []


Underfull \hbox (badness 10000) in paragraph at lines 601--613

 []


Underfull \hbox (badness 10000) in paragraph at lines 601--613

 []


Underfull \hbox (badness 10000) in paragraph at lines 601--613

 []


Underfull \hbox (badness 10000) in paragraph at lines 601--613

 []


Underfull \hbox (badness 10000) in paragraph at lines 601--613

 []


Underfull \hbox (badness 10000) in paragraph at lines 601--613

 []


Underfull \hbox (badness 10000) in paragraph at lines 601--613

 []


Underfull \hbox (badness 10000) in paragraph at lines 616--624

 []


Underfull \hbox (badness 10000) in paragraph at lines 616--624

 []


Underfull \hbox (badness 10000) in paragraph at lines 616--624

 []


Underfull \hbox (badness 10000) in paragraph at lines 616--624

 []


Underfull \hbox (badness 10000) in paragraph at lines 616--624

 []


Underfull \hbox (badness 10000) in paragraph at lines 616--624

 []


Underfull \hbox (badness 10000) in paragraph at lines 616--624

 []


Underfull \hbox (badness 10000) in paragraph at lines 616--624

 []



[8]
Underfull \hbox (badness 10000) in paragraph at lines 656--660

 []


Underfull \hbox (badness 10000) in paragraph at lines 660--664

 []


Underfull \hbox (badness 10000) in paragraph at lines 664--667

 []


Underfull \hbox (badness 10000) in paragraph at lines 683--689

 []



[9]
Underfull \hbox (badness 10000) in paragraph at lines 726--740

 []


Underfull \hbox (badness 10000) in paragraph at lines 726--740

 []


Underfull \hbox (badness 10000) in paragraph at lines 726--740

 []


Underfull \hbox (badness 10000) in paragraph at lines 726--740

 []


Underfull \hbox (badness 10000) in paragraph at lines 726--740

 []


Underfull \hbox (badness 10000) in paragraph at lines 726--740

 []


Underfull \hbox (badness 10000) in paragraph at lines 726--740

 []


Underfull \hbox (badness 10000) in paragraph at lines 726--740

 []


Underfull \hbox (badness 10000) in paragraph at lines 726--740

 []


Underfull \hbox (badness 10000) in paragraph at lines 726--740

 []


Underfull \hbox (badness 10000) in paragraph at lines 726--740

 []


Underfull \hbox (badness 10000) in paragraph at lines 726--740

 []


Underfull \hbox (badness 10000) in paragraph at lines 726--740

 []


Underfull \hbox (badness 10000) in paragraph at lines 726--740

 []


Underfull \hbox (badness 10000) in paragraph at lines 756--765

 []


Underfull \hbox (badness 10000) in paragraph at lines 756--765

 []


Underfull \hbox (badness 10000) in paragraph at lines 756--765

 []


Underfull \hbox (badness 10000) in paragraph at lines 756--765

 []


Underfull \hbox (badness 10000) in paragraph at lines 756--765

 []


Underfull \hbox (badness 10000) in paragraph at lines 756--765

 []


Underfull \hbox (badness 10000) in paragraph at lines 756--765

 []


Underfull \hbox (badness 10000) in paragraph at lines 756--765

 []


Underfull \hbox (badness 10000) in paragraph at lines 756--765

 []



[10]
Underfull \hbox (badness 10000) in paragraph at lines 802--819

 []


Underfull \hbox (badness 10000) in paragraph at lines 802--819

 []


Underfull \hbox (badness 10000) in paragraph at lines 802--819

 []


Underfull \hbox (badness 10000) in paragraph at lines 802--819

 []


Underfull \hbox (badness 10000) in paragraph at lines 802--819

 []


Underfull \hbox (badness 10000) in paragraph at lines 802--819

 []


Underfull \hbox (badness 10000) in paragraph at lines 802--819

 []


Underfull \hbox (badness 10000) in paragraph at lines 802--819

 []


Underfull \hbox (badness 10000) in paragraph at lines 802--819

 []


Underfull \hbox (badness 10000) in paragraph at lines 802--819

 []


Underfull \hbox (badness 10000) in paragraph at lines 802--819

 []


Underfull \hbox (badness 10000) in paragraph at lines 802--819

 []


Underfull \hbox (badness 10000) in paragraph at lines 802--819

 []


Underfull \hbox (badness 10000) in paragraph at lines 802--819

 []


Underfull \hbox (badness 10000) in paragraph at lines 802--819

 []


Underfull \hbox (badness 10000) in paragraph at lines 802--819

 []


Underfull \hbox (badness 10000) in paragraph at lines 802--819

 []

<CH3_part1_files/figure-latex/unnamed-chunk-4-1.pdf, id=110, 469.755pt x 325.215pt>
File: CH3_part1_files/figure-latex/unnamed-chunk-4-1.pdf Graphic file (type pdf)
<use CH3_part1_files/figure-latex/unnamed-chunk-4-1.pdf>
Package pdftex.def Info: CH3_part1_files/figure-latex/unnamed-chunk-4-1.pdf  used on input line 826.
(pdftex.def)             Requested size: 281.85518pt x 390.29079pt.


[11]

[12 <./CH3_part1_files/figure-latex/unnamed-chunk-4-1.pdf>]
Underfull \hbox (badness 10000) in paragraph at lines 872--876

 []


Underfull \hbox (badness 10000) in paragraph at lines 872--876

 []


Underfull \hbox (badness 10000) in paragraph at lines 872--876

 []


Underfull \hbox (badness 10000) in paragraph at lines 872--876

 []

<./images/bias-precision.png, id=133, 1137.24875pt x 867.24pt>
File: ./images/bias-precision.png Graphic file (type png)
<use ./images/bias-precision.png>
Package pdftex.def Info: ./images/bias-precision.png  used on input line 880.
(pdftex.def)             Requested size: 234.8728pt x 325.2142pt.

Underfull \hbox (badness 10000) in paragraph at lines 891--901

 []


Underfull \hbox (badness 10000) in paragraph at lines 907--916

 []


Underfull \hbox (badness 10000) in paragraph at lines 907--916

 []


Underfull \hbox (badness 10000) in paragraph at lines 907--916

 []


Underfull \hbox (badness 10000) in paragraph at lines 907--916

 []


Underfull \hbox (badness 10000) in paragraph at lines 907--916

 []


Underfull \hbox (badness 10000) in paragraph at lines 907--916

 []


Underfull \hbox (badness 10000) in paragraph at lines 907--916

 []


Underfull \hbox (badness 10000) in paragraph at lines 907--916

 []


Underfull \hbox (badness 10000) in paragraph at lines 907--916

 []



[13 <./images/bias-precision.png>]
Underfull \hbox (badness 10000) in paragraph at lines 923--932

 []


Underfull \hbox (badness 10000) in paragraph at lines 933--941

 []



[14]
Underfull \hbox (badness 10000) in paragraph at lines 953--970

 []


Underfull \hbox (badness 10000) in paragraph at lines 953--970

 []


Underfull \hbox (badness 10000) in paragraph at lines 953--970

 []


Underfull \hbox (badness 10000) in paragraph at lines 953--970

 []


Underfull \hbox (badness 10000) in paragraph at lines 953--970

 []


Underfull \hbox (badness 10000) in paragraph at lines 953--970

 []


Underfull \hbox (badness 10000) in paragraph at lines 953--970

 []


Underfull \hbox (badness 10000) in paragraph at lines 953--970

 []


Underfull \hbox (badness 10000) in paragraph at lines 953--970

 []


Underfull \hbox (badness 10000) in paragraph at lines 953--970

 []


Underfull \hbox (badness 10000) in paragraph at lines 953--970

 []


Underfull \hbox (badness 10000) in paragraph at lines 953--970

 []


Underfull \hbox (badness 10000) in paragraph at lines 953--970

 []


Underfull \hbox (badness 10000) in paragraph at lines 953--970

 []


Underfull \hbox (badness 10000) in paragraph at lines 953--970

 []


Underfull \hbox (badness 10000) in paragraph at lines 953--970

 []


Underfull \hbox (badness 10000) in paragraph at lines 953--970

 []


Underfull \hbox (badness 10000) in paragraph at lines 988--1005

 []


Underfull \hbox (badness 10000) in paragraph at lines 988--1005

 []


Underfull \hbox (badness 10000) in paragraph at lines 988--1005

 []


Underfull \hbox (badness 10000) in paragraph at lines 988--1005

 []


Underfull \hbox (badness 10000) in paragraph at lines 988--1005

 []


Underfull \hbox (badness 10000) in paragraph at lines 988--1005

 []


Underfull \hbox (badness 10000) in paragraph at lines 988--1005

 []


Underfull \hbox (badness 10000) in paragraph at lines 988--1005

 []


Underfull \hbox (badness 10000) in paragraph at lines 988--1005

 []


Underfull \hbox (badness 10000) in paragraph at lines 988--1005

 []


Underfull \hbox (badness 10000) in paragraph at lines 988--1005

 []


Underfull \hbox (badness 10000) in paragraph at lines 988--1005

 []


Underfull \hbox (badness 10000) in paragraph at lines 988--1005

 []


Underfull \hbox (badness 10000) in paragraph at lines 988--1005

 []


Underfull \hbox (badness 10000) in paragraph at lines 988--1005

 []


Underfull \hbox (badness 10000) in paragraph at lines 988--1005

 []


Underfull \hbox (badness 10000) in paragraph at lines 988--1005

 []

<./images/quiz_score_dists.png, id=147, 2107.875pt x 1505.625pt>
File: ./images/quiz_score_dists.png Graphic file (type png)
<use ./images/quiz_score_dists.png>
Package pdftex.def Info: ./images/quiz_score_dists.png  used on input line 1055.
(pdftex.def)             Requested size: 217.07173pt x 325.21935pt.


[15]

[16 <./images/quiz_score_dists.png>]
Underfull \hbox (badness 10000) in paragraph at lines 1104--1119

 []


Underfull \hbox (badness 10000) in paragraph at lines 1126--1149

 []



[17]

Package amsmath Warning: Foreign command \atopwithdelims;
(amsmath)                \frac or \genfrac should be used instead
(amsmath)                 on input line 1165.



[18]
<./images/binom_dists.png, id=180, 469.755pt x 390.45876pt>
File: ./images/binom_dists.png Graphic file (type png)
<use ./images/binom_dists.png>
Package pdftex.def Info: ./images/binom_dists.png  used on input line 1201.
(pdftex.def)             Requested size: 281.85587pt x 234.27705pt.

Underfull \hbox (badness 10000) in paragraph at lines 1220--1227

 []


Underfull \hbox (badness 10000) in paragraph at lines 1227--1235

 []


Underfull \hbox (badness 10000) in paragraph at lines 1235--1242

 []



[19 <./images/binom_dists.png>]
Underfull \hbox (badness 10000) in paragraph at lines 1264--1278

 []



[20]

[21]

[22]

[23]
LaTeX Font Info:    Trying to load font information for T1+lmtt on input line 1503.
(/Users/kfitzg24/Library/TinyTeX/texmf-dist/tex/latex/lm/t1lmtt.fd
File: t1lmtt.fd 2015/05/01 v1.6.1 Font defs for Latin Modern
)
LaTeX Font Info:    Font shape `T1/lmtt/bx/n' in size <10> not available
(Font)              Font shape `T1/lmtt/b/n' tried instead on input line 1507.

Underfull \hbox (badness 10000) in paragraph at lines 1525--1532

 []


Underfull \hbox (badness 10000) in paragraph at lines 1525--1532

 []


Underfull \hbox (badness 10000) in paragraph at lines 1525--1532

 []


Underfull \hbox (badness 10000) in paragraph at lines 1525--1532

 []


Underfull \hbox (badness 10000) in paragraph at lines 1525--1532

 []


Underfull \hbox (badness 10000) in paragraph at lines 1525--1532

 []


Underfull \hbox (badness 10000) in paragraph at lines 1525--1532

 []



[24]
Underfull \hbox (badness 10000) in paragraph at lines 1564--1571

 []


Underfull \hbox (badness 10000) in paragraph at lines 1564--1571

 []


Underfull \hbox (badness 10000) in paragraph at lines 1564--1571

 []


Underfull \hbox (badness 10000) in paragraph at lines 1564--1571

 []


Underfull \hbox (badness 10000) in paragraph at lines 1564--1571

 []


Underfull \hbox (badness 10000) in paragraph at lines 1564--1571

 []


Underfull \hbox (badness 10000) in paragraph at lines 1564--1571

 []


Underfull \hbox (badness 10000) in paragraph at lines 1615--1622

 []



[25]

[26]

[27] (./CH3_part1.aux)
 ***********
LaTeX2e <2025-06-01> patch level 1
L3 programming layer <2025-08-13>
 ***********
 ) 
Here is how much of TeX's memory you used:
 24262 strings out of 469781
 463896 string characters out of 5481232
 836848 words of memory out of 5000000
 52115 multiletter control sequences out of 15000+600000
 684430 words of font info for 86 fonts, out of 8000000 for 9000
 14 hyphenation exceptions out of 8191
 98i,9n,101p,973b,596s stack positions out of 10000i,1000n,20000p,200000b,200000s
</Users/kfitzg24/Library/TinyTeX/texmf-dist/fonts/type1/public/lm/lmbx10.pfb></Users/kfitzg24/Library/TinyTeX/texmf-dist/fonts/type1/public/lm/lmbx12.pfb></Users/kfitzg24/Library/TinyTeX/texmf-dist/fonts/type1/public/lm/lmex10.pfb></Users/kfitzg24/Library/TinyTeX/texmf-dist/fonts/type1/public/lm/lmmi10.pfb></Users/kfitzg24/Library/TinyTeX/texmf-dist/fonts/type1/public/lm/lmmi7.pfb></Users/kfitzg24/Library/TinyTeX/texmf-dist/fonts/type1/public/lm/lmr10.pfb></Users/kfitzg24/Library/TinyTeX/texmf-dist/fonts/type1/public/lm/lmr12.pfb></Users/kfitzg24/Library/TinyTeX/texmf-dist/fonts/type1/public/lm/lmr17.pfb></Users/kfitzg24/Library/TinyTeX/texmf-dist/fonts/type1/public/lm/lmr5.pfb></Users/kfitzg24/Library/TinyTeX/texmf-dist/fonts/type1/public/lm/lmr7.pfb></Users/kfitzg24/Library/TinyTeX/texmf-dist/fonts/type1/public/lm/lmri10.pfb></Users/kfitzg24/Library/TinyTeX/texmf-dist/fonts/type1/public/lm/lmsy10.pfb></Users/kfitzg24/Library/TinyTeX/texmf-dist/fonts/type1/public/lm/lmsy7.pfb></Users/kfitzg24/Library/TinyTeX/texmf-dist/fonts/type1/public/lm/lmtk10.pfb></Users/kfitzg24/Library/TinyTeX/texmf-dist/fonts/type1/public/lm/lmtt10.pfb></Users/kfitzg24/Library/TinyTeX/texmf-dist/fonts/type1/public/lm/lmtti10.pfb></Users/kfitzg24/Library/TinyTeX/texmf-dist/fonts/type1/public/amsfonts/symbols/msbm10.pfb></Users/kfitzg24/Library/TinyTeX/texmf-dist/fonts/type1/public/amsfonts/symbols/msbm7.pfb>
Output written on CH3_part1.pdf (27 pages, 572855 bytes).
PDF statistics:
 425 PDF objects out of 1000 (max. 8388607)
 343 compressed objects within 4 object streams
 122 named destinations out of 1000 (max. 500000)
 147 words of extra memory for PDF output out of 10000 (max. 10000000)

